<?xml version="1.0" encoding="UTF-8"?>
<!-- Generated by org.testng.reporters.JUnitReportReporter -->
<testsuite hostname="Harsha" failures="0" tests="1" name="Test.GridExample" time="3.479" errors="0" timestamp="06 May 2023 06:34:09 GMT" skipped="0">
  <testcase classname="Test.GridExample" name="testgrid" time="3.479"/>
</testsuite> <!-- Test.GridExample -->
