<?xml version="1.0" encoding="UTF-8"?>
<!-- Generated by org.testng.reporters.JUnitReportReporter -->
<testsuite hostname="Harsha" failures="0" tests="1" name="Test.LoginTest" time="10.601" errors="0" timestamp="06 May 2023 03:22:55 GMT" skipped="0">
  <testcase classname="Test.LoginTest" name="PostiveTestCase" time="10.601"/>
</testsuite> <!-- Test.LoginTest -->
