<?xml version="1.0" encoding="UTF-8"?>
<!-- Generated by org.testng.reporters.JUnitReportReporter -->
<testsuite hostname="Harsha" failures="0" tests="2" name="Test.LoginTest" time="9.995" errors="0" timestamp="06 May 2023 03:33:32 GMT" skipped="0">
  <testcase classname="Test.LoginTest" name="NegativeTestCase" time="4.438"/>
  <testcase classname="Test.LoginTest" name="PostiveTestCase" time="5.557"/>
</testsuite> <!-- Test.LoginTest -->
