<?xml version="1.0" encoding="UTF-8"?>
<!-- Generated by org.testng.reporters.JUnitReportReporter -->
<testsuite hostname="Harsha" failures="0" tests="2" name="Test.LoginTest" time="52.437" errors="0" timestamp="23 Apr 2023 11:28:54 GMT" skipped="0">
  <testcase classname="Test.LoginTest" name="PostiveTestCase" time="28.579"/>
  <testcase classname="Test.LoginTest" name="NegativeTestCase" time="23.858"/>
</testsuite> <!-- Test.LoginTest -->
