<?xml version="1.0" encoding="UTF-8"?>
<!-- Generated by org.testng.reporters.JUnitReportReporter -->
<testsuite hostname="Harsha" failures="0" tests="2" name="Test.LoginTest" time="10.391" errors="0" timestamp="06 May 2023 03:34:41 GMT" skipped="0">
  <testcase classname="Test.LoginTest" name="PostiveTestCase" time="6.154"/>
  <testcase classname="Test.LoginTest" name="NegativeTestCase" time="4.237"/>
</testsuite> <!-- Test.LoginTest -->
